<?xml version="1.0" encoding="UTF-8"?>
<!-- Generated by org.testng.reporters.JUnitXMLReporter -->
<testsuite hostname="DESKTOP-8QTLCQR" ignored="0" name="Default test" tests="3" failures="0" timestamp="08 Jun 2021 11:57:17 GMT" time="24.783" errors="0">
  <testcase name="deleteEmployeeDEtails" time="1.344" classname="endTests.SampleTest"/>
  <testcase name="getEmployeeDetails" time="0.015" classname="endTests.SampleTest"/>
  <testcase name="validationTestAmazon" time="17.651" classname="endTests.SampleTest"/>
</testsuite> <!-- Default test -->
